<?xml version="1.0" encoding="UTF-8"?>
<!-- Generated by org.testng.reporters.JUnitReportReporter -->
<testsuite hostname="Aditya-Laptop" failures="0" tests="1" name="com.project.skyfall.OpenChromeBrowser" time="0.757" errors="0" timestamp="2023-05-06T14:20:53 IST" skipped="0">
  <testcase classname="com.project.skyfall.OpenChromeBrowser" name="UserLoginBrickworks" time="0.757"/>
  <system-out/>
</testsuite> <!-- com.project.skyfall.OpenChromeBrowser -->
