<?xml version="1.0" encoding="UTF-8"?>
<!-- Generated by org.testng.reporters.JUnitReportReporter -->
<testsuite hostname="Aditya-Laptop" failures="0" tests="3" name="com.project.skyfall.Brickworks_Website" time="8.730" errors="0" timestamp="2023-03-17T16:57:35 IST" skipped="1">
  <testcase classname="com.project.skyfall.Brickworks_Website" name="UserLogin" time="0.191"/>
  <system-out/>
  <testcase classname="com.project.skyfall.Brickworks_Website" name="searchMetMap" time="8.539"/>
  <system-out/>
  <testcase classname="com.project.skyfall.Brickworks_Website" name="UserLogOut">
    <skipped/>
  </testcase> <!-- UserLogOut -->
  <system-out/>
</testsuite> <!-- com.project.skyfall.Brickworks_Website -->
