<?xml version="1.0" encoding="UTF-8"?>
<!-- Generated by org.testng.reporters.JUnitReportReporter -->
<testsuite hostname="Aditya-Laptop" failures="0" tests="1" name="com.project.skyfall.Registeration" time="0.000" errors="0" timestamp="2023-04-10T22:36:51 IST" skipped="1">
  <testcase classname="com.project.skyfall.Registeration" name="startRegistration" time="0.000">
    <skipped/>
  </testcase> <!-- startRegistration -->
  <system-out/>
</testsuite> <!-- com.project.skyfall.Registeration -->
