<?xml version="1.0" encoding="UTF-8"?>
<!-- Generated by org.testng.reporters.JUnitReportReporter -->
<testsuite hostname="Aditya-Laptop" failures="0" tests="1" name="com.project.skyfall.Registeration" time="29.572" errors="0" timestamp="2023-04-28T22:07:01 IST" skipped="0">
  <testcase classname="com.project.skyfall.Registeration" name="startRegistration" time="29.572"/>
  <system-out/>
</testsuite> <!-- com.project.skyfall.Registeration -->
