<?xml version="1.0" encoding="UTF-8"?>
<!-- Generated by org.testng.reporters.JUnitReportReporter -->
<testsuite hostname="Aditya-Laptop" failures="0" tests="4" name="com.project.skyfall.TestNG_Annotation" time="0.005" errors="0" timestamp="2023-03-14T22:02:43 IST" skipped="1">
  <testcase classname="com.project.skyfall.TestNG_Annotation" name="LoginTest" time="0.003"/>
  <system-out/>
  <testcase classname="com.project.skyfall.TestNG_Annotation" name="MapSelectionPage" time="0.001"/>
  <system-out/>
  <testcase classname="com.project.skyfall.TestNG_Annotation" name="RegistrationTest" time="0.001"/>
  <system-out/>
  <testcase classname="com.project.skyfall.TestNG_Annotation" name="ValidLoginCredentials">
    <skipped/>
  </testcase> <!-- ValidLoginCredentials -->
  <system-out/>
</testsuite> <!-- com.project.skyfall.TestNG_Annotation -->
