<?xml version="1.0" encoding="UTF-8"?>
<!-- Generated by org.testng.reporters.JUnitReportReporter -->
<testsuite hostname="Aditya-Laptop" failures="0" tests="9" name="com.project.skyfall.Brickworks_Website" time="103.412" errors="0" timestamp="2023-05-06T15:58:09 IST" skipped="1">
  <testcase classname="com.project.skyfall.Brickworks_Website" name="TS001_VerifyProductNamePageTitle" time="0.025"/>
  <system-out/>
  <testcase classname="com.project.skyfall.Brickworks_Website" name="TS002_ValidUserLogin" time="0.181"/>
  <system-out/>
  <testcase classname="com.project.skyfall.Brickworks_Website" name="TS004_searchMetMap" time="9.743"/>
  <system-out/>
  <testcase classname="com.project.skyfall.Brickworks_Website" name="TS007_AddLocationLeftSideBar" time="22.817"/>
  <system-out/>
  <testcase classname="com.project.skyfall.Brickworks_Website" name="TS006_EditLocation" time="21.742"/>
  <system-out/>
  <testcase classname="com.project.skyfall.Brickworks_Website" name="TS005_CreateMarkerLocation" time="29.084"/>
  <system-out/>
  <testcase classname="com.project.skyfall.Brickworks_Website" name="TS008_deleteLocation" time="9.241"/>
  <system-out/>
  <testcase classname="com.project.skyfall.Brickworks_Website" name="TS009_UserLogOut" time="10.579"/>
  <system-out/>
  <testcase classname="com.project.skyfall.Brickworks_Website" name="TS003_InValidUserLogin">
    <skipped/>
  </testcase> <!-- TS003_InValidUserLogin -->
  <system-out/>
</testsuite> <!-- com.project.skyfall.Brickworks_Website -->
