<?xml version="1.0" encoding="UTF-8"?>
<!-- Generated by org.testng.reporters.JUnitReportReporter -->
<testsuite hostname="Aditya-Laptop" failures="0" tests="1" name="com.project.skyfall.Brickworks_Login_LogOut" time="0.010" errors="0" timestamp="2023-03-16T10:17:15 IST" skipped="0">
  <testcase classname="com.project.skyfall.Brickworks_Login_LogOut" name="UserLogin" time="0.010"/>
  <system-out/>
</testsuite> <!-- com.project.skyfall.Brickworks_Login_LogOut -->
