<?xml version="1.0" encoding="UTF-8"?>
<!-- Generated by org.testng.reporters.JUnitReportReporter -->
<testsuite hostname="Aditya-Laptop" failures="0" tests="1" name="com.project.skyfall.FirstLoginTest" time="0.006" errors="0" timestamp="2023-04-22T22:43:52 IST" skipped="0">
  <testcase classname="com.project.skyfall.FirstLoginTest" name="LoginTest" time="0.006"/>
  <system-out/>
</testsuite> <!-- com.project.skyfall.FirstLoginTest -->
