<?xml version="1.0" encoding="UTF-8"?>
<!-- Generated by org.testng.reporters.JUnitReportReporter -->
<testsuite hostname="Aditya-Laptop" failures="0" tests="6" name="com.project.skyfall.Brickworks_Website" time="41.600" errors="0" timestamp="2023-03-26T00:35:58 IST" skipped="1">
  <testcase classname="com.project.skyfall.Brickworks_Website" name="verifyProductNamePageTitle" time="0.011"/>
  <system-out/>
  <testcase classname="com.project.skyfall.Brickworks_Website" name="ValidUserLogin" time="0.192"/>
  <system-out/>
  <testcase classname="com.project.skyfall.Brickworks_Website" name="searchMetMap" time="11.563"/>
  <system-out/>
  <testcase classname="com.project.skyfall.Brickworks_Website" name="CreateMarker" time="24.931"/>
  <system-out/>
  <testcase classname="com.project.skyfall.Brickworks_Website" name="UserLogOut" time="4.903"/>
  <system-out/>
  <testcase classname="com.project.skyfall.Brickworks_Website" name="InValidUserLogin">
    <skipped/>
  </testcase> <!-- InValidUserLogin -->
  <system-out/>
</testsuite> <!-- com.project.skyfall.Brickworks_Website -->
