<?xml version="1.0" encoding="UTF-8"?>
<!-- Generated by org.testng.reporters.JUnitReportReporter -->
<testsuite hostname="Aditya-Laptop" failures="0" tests="4" name="com.project.skyfall.TestNG_Annotation" time="0.000" errors="0" timestamp="2023-04-10T22:36:51 IST" skipped="4">
  <testcase classname="com.project.skyfall.TestNG_Annotation" name="LoginTest" time="0.000">
    <skipped/>
  </testcase> <!-- LoginTest -->
  <system-out/>
  <testcase classname="com.project.skyfall.TestNG_Annotation" name="MapSelectionPage" time="0.000">
    <skipped/>
  </testcase> <!-- MapSelectionPage -->
  <system-out/>
  <testcase classname="com.project.skyfall.TestNG_Annotation" name="RegistrationTest" time="0.000">
    <skipped/>
  </testcase> <!-- RegistrationTest -->
  <system-out/>
  <testcase classname="com.project.skyfall.TestNG_Annotation" name="ValidLoginCredentials">
    <skipped/>
  </testcase> <!-- ValidLoginCredentials -->
  <system-out/>
</testsuite> <!-- com.project.skyfall.TestNG_Annotation -->
