<?xml version="1.0" encoding="UTF-8"?>
<!-- Generated by org.testng.reporters.JUnitReportReporter -->
<testsuite hostname="Aditya-Laptop" failures="0" tests="2" name="com.project.skyfall.Brickworks_Login_LogOut" time="0.000" errors="0" timestamp="2023-04-10T22:36:51 IST" skipped="2">
  <testcase classname="com.project.skyfall.Brickworks_Login_LogOut" name="UserLogin" time="0.000">
    <skipped/>
  </testcase> <!-- UserLogin -->
  <system-out/>
  <testcase classname="com.project.skyfall.Brickworks_Login_LogOut" name="UserLogOut" time="0.000">
    <skipped/>
  </testcase> <!-- UserLogOut -->
  <system-out/>
</testsuite> <!-- com.project.skyfall.Brickworks_Login_LogOut -->
