<?xml version="1.0" encoding="UTF-8"?>
<!-- Generated by org.testng.reporters.JUnitReportReporter -->
<testsuite hostname="Aditya-Laptop" failures="0" tests="9" name="com.project.skyfall.Brickworks_Website" time="105.341" errors="0" timestamp="2023-05-06T14:23:00 IST" skipped="1">
  <testcase classname="com.project.skyfall.Brickworks_Website" name="TS001_VerifyProductNamePageTitle" time="0.011"/>
  <system-out/>
  <testcase classname="com.project.skyfall.Brickworks_Website" name="TS002_ValidUserLogin" time="0.307"/>
  <system-out/>
  <testcase classname="com.project.skyfall.Brickworks_Website" name="TS004_searchMetMap" time="10.027"/>
  <system-out/>
  <testcase classname="com.project.skyfall.Brickworks_Website" name="TS007_AddLocationLeftSideBar" time="23.377"/>
  <system-out/>
  <testcase classname="com.project.skyfall.Brickworks_Website" name="TS006_EditLocation" time="22.174"/>
  <system-out/>
  <testcase classname="com.project.skyfall.Brickworks_Website" name="TS005_CreateMarkerLocation" time="29.321"/>
  <system-out/>
  <testcase classname="com.project.skyfall.Brickworks_Website" name="TS008_deleteLocation" time="9.308"/>
  <system-out/>
  <testcase classname="com.project.skyfall.Brickworks_Website" name="TS009_UserLogOut" time="10.816"/>
  <system-out/>
  <testcase classname="com.project.skyfall.Brickworks_Website" name="TS003_InValidUserLogin">
    <skipped/>
  </testcase> <!-- TS003_InValidUserLogin -->
  <system-out/>
</testsuite> <!-- com.project.skyfall.Brickworks_Website -->
